----------  start  ----------
2026-02-20 12:01:20,466 - SchoolGradesServer - INFO - Starting School Grades Server (Hybrid Mode)...
2026-02-20 12:01:22,223 - SchoolGradesServer - INFO - Starting School Grades Server (Hybrid Mode)...
2026-02-20 12:01:22,507 - SchoolGradesServer - INFO - Accessing index page
2026-02-20 12:19:54,784 - SchoolGradesServer - INFO - Starting School Grades Server (Hybrid Mode)...
2026-02-20 12:19:56,423 - SchoolGradesServer - INFO - Starting School Grades Server (Hybrid Mode)...
2026-02-20 12:19:59,062 - SchoolGradesServer - INFO - Accessing index page
2026-02-20 12:22:37,912 - SchoolGradesServer - INFO - Login attempt for user: 310471
2026-02-20 12:23:10,169 - SchoolGradesServer - INFO - Login successful for user: 310471
2026-02-20 12:23:10,170 - SchoolGradesServer - INFO - Fetching structure via API...
2026-02-20 12:23:11,699 - SchoolGradesServer - INFO - Structure cached: 4 semesters
2026-02-20 12:25:48,178 - SchoolGradesServer - INFO - Starting School Grades Server (Hybrid Mode)...
2026-02-20 12:25:50,030 - SchoolGradesServer - INFO - Starting School Grades Server (Hybrid Mode)...
2026-02-20 12:25:59,483 - SchoolGradesServer - INFO - Accessing index page
2026-02-20 12:28:19,646 - SchoolGradesServer - INFO - Accessing index page
2026-02-20 12:30:55,398 - SchoolGradesServer - INFO - Accessing index page
2026-02-20 12:35:32,327 - SchoolGradesServer - INFO - Accessing index page
2026-02-20 14:25:48,202 - SchoolGradesServer - INFO - Deleted expired file: O0Ht9t5pKaS1bBv.json
2026-02-20 14:25:48,206 - SchoolGradesServer - INFO - Deleted expired file: TS3dEk4kVPxkyvD.json
2026-02-20 14:32:16,505 - SchoolGradesServer - INFO - Starting School Grades Server (Hybrid Mode)...
2026-02-20 14:32:16,508 - SchoolGradesServer - INFO - Cleanup thread started
2026-02-20 14:32:16,510 - SchoolGradesServer - INFO - Deleted expired file: wsLtcU8K67WQQ-..json
2026-02-20 14:34:13,616 - SchoolGradesServer - INFO - Starting School Grades Server (Hybrid Mode)...
2026-02-20 14:34:13,619 - SchoolGradesServer - INFO - Cleanup thread started
2026-02-20 14:34:15,378 - SchoolGradesServer - INFO - Starting School Grades Server (Hybrid Mode)...
2026-02-20 14:34:15,381 - SchoolGradesServer - INFO - Cleanup thread started
2026-02-20 14:34:23,149 - SchoolGradesServer - INFO - Accessing index page
2026-02-20 14:34:49,625 - SchoolGradesServer - INFO - Login attempt for user: 310471
2026-02-20 14:35:08,881 - SchoolGradesServer - INFO - Login successful for user: 310471
2026-02-20 14:35:08,882 - SchoolGradesServer - INFO - Fetching structure via API...
2026-02-20 14:35:10,516 - SchoolGradesServer - INFO - Structure cached: 4 semesters
2026-02-20 20:51:24,716 - SchoolGradesServer - INFO - Cleanup thread started
2026-02-20 20:51:24,719 - SchoolGradesServer - INFO - Starting School Grades Server (Hybrid Mode)...
2026-02-20 20:51:24,719 - SchoolGradesServer - INFO - Deleted expired file: RXUIaQLRqDy15Aa.json
2026-02-20 20:51:25,408 - SchoolGradesServer - INFO - Cleanup thread started
2026-02-20 20:51:25,411 - SchoolGradesServer - INFO - Starting School Grades Server (Hybrid Mode)...
2026-02-20 20:52:38,324 - SchoolGradesServer - INFO - Accessing index page
2026-02-20 20:52:53,755 - SchoolGradesServer - INFO - Accessing index page
2026-02-20 22:03:54,049 - SchoolGradesServer - INFO - Cleanup thread started
2026-02-20 22:03:54,053 - SchoolGradesServer - INFO - Starting School Grades Server (Hybrid Mode)...
2026-02-20 22:03:54,841 - SchoolGradesServer - INFO - Cleanup thread started
2026-02-20 22:03:54,844 - SchoolGradesServer - INFO - Starting School Grades Server (Hybrid Mode)...
2026-02-20 22:04:06,671 - SchoolGradesServer - INFO - Accessing index page
2026-02-20 22:05:30,103 - SchoolGradesServer - INFO - Cleanup thread started
2026-02-20 22:05:30,107 - SchoolGradesServer - INFO - Starting School Grades Server...
2026-02-20 22:07:33,698 - SchoolGradesServer - INFO - Accessing index page
2026-02-20 22:20:21,256 - SchoolGradesServer - INFO - Cleanup thread started
2026-02-20 22:20:21,259 - SchoolGradesServer - INFO - Starting School Grades Server...
2026-02-20 22:20:22,016 - SchoolGradesServer - INFO - Cleanup thread started
2026-02-20 22:20:22,020 - SchoolGradesServer - INFO - Starting School Grades Server...
2026-02-20 22:20:24,812 - SchoolGradesServer - INFO - Accessing index page
2026-02-20 22:29:27,743 - SchoolGradesServer - INFO - Cleanup thread started
2026-02-20 22:29:27,747 - SchoolGradesServer - INFO - Starting School Grades Server...
2026-02-20 22:29:28,550 - SchoolGradesServer - INFO - Cleanup thread started
2026-02-20 22:29:28,554 - SchoolGradesServer - INFO - Starting School Grades Server...
2026-02-20 22:29:31,657 - SchoolGradesServer - INFO - Accessing index page
2026-02-20 22:30:13,692 - SchoolGradesServer - INFO - Accessing index page
2026-02-23 20:21:20,840 - SchoolGradesServer - INFO - Cleanup thread started
2026-02-23 20:21:20,845 - SchoolGradesServer - INFO - Starting School Grades Server...
2026-02-23 20:21:21,640 - SchoolGradesServer - INFO - Cleanup thread started
2026-02-23 20:21:21,644 - SchoolGradesServer - INFO - Starting School Grades Server...
2026-02-23 20:21:23,602 - SchoolGradesServer - INFO - Accessing index page
2026-02-23 20:21:31,212 - SchoolGradesServer - INFO - Login attempt for user: 310471
2026-02-23 20:22:13,769 - SchoolGradesServer - INFO - Cleanup thread started
2026-02-23 20:22:13,772 - SchoolGradesServer - INFO - Starting School Grades Server...
2026-02-23 20:22:46,193 - SchoolGradesServer - INFO - Accessing index page
2026-02-23 20:22:53,888 - SchoolGradesServer - INFO - Login attempt for user: 310471
2026-02-23 20:23:48,167 - SchoolGradesServer - INFO - Cleanup thread started
2026-02-23 20:23:48,170 - SchoolGradesServer - INFO - Starting School Grades Server...
2026-02-23 20:23:57,268 - SchoolGradesServer - INFO - Login attempt for user: 310471
2026-02-23 20:23:58,374 - SchoolGradesServer - INFO - Login successful for user: 310471
2026-02-23 20:23:58,375 - SchoolGradesServer - INFO - Fetching structure via API...
2026-02-23 20:23:59,722 - SchoolGradesServer - INFO - Structure cached: 4 semesters
2026-02-23 20:24:15,899 - SchoolGradesServer - INFO - Accessing index page
2026-02-23 20:24:21,912 - SchoolGradesServer - INFO - Accessing index page
2026-02-23 20:24:27,293 - SchoolGradesServer - INFO - Login attempt for user: 310471
2026-02-23 20:24:35,466 - SchoolGradesServer - INFO - Login attempt for user: 310471
2026-02-23 20:24:39,610 - SchoolGradesServer - INFO - Login successful for user: 310471
2026-02-23 20:24:39,611 - SchoolGradesServer - INFO - Fetching structure via API...
2026-02-23 20:24:40,554 - SchoolGradesServer - INFO - Structure cached: 4 semesters
2026-02-23 20:25:58,107 - SchoolGradesServer - INFO - Cleanup thread started
2026-02-23 20:25:58,110 - SchoolGradesServer - INFO - Starting School Grades Server...
2026-02-23 20:26:12,998 - SchoolGradesServer - INFO - Cleanup thread started
2026-02-23 20:26:13,001 - SchoolGradesServer - INFO - Starting School Grades Server...
2026-02-23 20:26:19,853 - SchoolGradesServer - INFO - Cleanup thread started
2026-02-23 20:26:19,856 - SchoolGradesServer - INFO - Starting School Grades Server...
2026-02-23 20:26:36,639 - SchoolGradesServer - INFO - Login attempt for user: 310471
2026-02-23 20:26:37,454 - SchoolGradesServer - INFO - Login successful for user: 310471
2026-02-23 20:26:37,456 - SchoolGradesServer - INFO - Fetching structure via API...
2026-02-23 20:26:38,757 - SchoolGradesServer - INFO - Structure cached: 4 semesters
